[33mÔØ»[39m Building...
[32mÔ£ö[39m Building...
Application bundle generation failed. [1.702 seconds] - 2026-03-08T14:49:41.057Z

node.exe : [1m[31m[31mX 
[41;31m[[41;97mERROR[41;31m][0m 
[1mTS2345: Argument of type 'string | 
undefined' is not assignable to parameter 
of type 'string'.
En C:\Users\vicen\AppData\Roaming\npm\ng.p
s1: 24 Carácter: 5
+     & "node$exe"  "$basedir/node_modules
/@angular/cli/bin/ng.js" $arg ...
+     ~~~~~~~~~~~~~~~~~~~~~~~~~~~~~~~~~~~~
~~~~~~~~~~~~~~~~~~~~~~~~~~~~~
    + CategoryInfo          : NotSpecifie 
   d: ([1m[31m[31mX... type 'string'.  
  :String) [], RemoteException
    + FullyQualifiedErrorId : NativeComma 
   ndError
 
  Type 'undefined' is not assignable to 
type 'string'.[0m [1m[35m[plugin 
angular-compiler][0m

    src/app/components/empleado/empleado.h
tml:70:104:
[37m      70 Ôöé ...n class="btn btn-sm 
btn-danger" (click)="eliminarEmpleado(emp.
[32mid[37m)"
         ÔòÁ                              
                                    
[32m~~[0m

  Error occurs in the template of 
component Empleado.

    src/app/components/empleado/empleado.t
s:13:15:
[37m      13 Ôöé   templateUrl: 
[32m'./empleado.html'[37m,
         ÔòÁ                
[32m~~~~~~~~~~~~~~~~~[0m

[39m[22m
